0 info it worked if it ends with ok
1 verbose cli [ 'c:\\Program Files (x86)\\nodejs\\node.exe',
1 verbose cli   'c:\\Program Files (x86)\\nodejs\\node_modules\\npm\\bin\\npm-cli.js',
1 verbose cli   'help',
1 verbose cli   'npm' ]
2 info using npm@1.4.28
3 info using node@v0.10.35
4 error Error: spawn ENOENT
4 error     at errnoException (child_process.js:1011:11)
4 error     at Process.ChildProcess._handle.onexit (child_process.js:802:34)
5 error If you need help, you may report this *entire* log,
5 error including the npm and node versions, at:
5 error     <http://github.com/npm/npm/issues>
6 error System Windows_NT 6.2.9200
7 error command "c:\\Program Files (x86)\\nodejs\\node.exe" "c:\\Program Files (x86)\\nodejs\\node_modules\\npm\\bin\\npm-cli.js" "help" "npm"
8 error cwd c:\src\aws
9 error node -v v0.10.35
10 error npm -v 1.4.28
11 error syscall spawn
12 error code ENOENT
13 error errno ENOENT
14 verbose exit [ 1, true ]
